<?xml version="1.0" encoding="UTF-8"?>
<testng-results ignored="0" total="1" passed="1" failed="0" skipped="0">
  <reporter-output>
  </reporter-output>
  <suite started-at="2024-06-13T09:23:47 IST" name="Default suite" finished-at="2024-06-13T09:23:52 IST" duration-ms="4220">
    <groups>
    </groups>
    <test started-at="2024-06-13T09:23:47 IST" name="Default test" finished-at="2024-06-13T09:23:52 IST" duration-ms="4220">
      <class name="runTestcases.testMainPage">
        <test-method is-config="true" signature="chromeHomepage()[pri:0, instance:runTestcases.testMainPage@35dab4eb]" started-at="2024-06-13T09:23:43 IST" name="chromeHomepage" finished-at="2024-06-13T09:23:47 IST" duration-ms="4260" status="PASS">
          <reporter-output>
          </reporter-output>
        </test-method> <!-- chromeHomepage -->
        <test-method signature="homepage()[pri:0, instance:runTestcases.testMainPage@35dab4eb]" started-at="2024-06-13T09:23:47 IST" name="homepage" finished-at="2024-06-13T09:23:52 IST" duration-ms="4191" status="PASS">
          <reporter-output>
          </reporter-output>
        </test-method> <!-- homepage -->
      </class> <!-- runTestcases.testMainPage -->
    </test> <!-- Default test -->
  </suite> <!-- Default suite -->
</testng-results>
